Using pre-set license
Built from '2020.3/staging' branch; Version is '2020.3.11f1 (99c7afb366b3) revision 10078127'; Using compiler version '192528614'; Build Type 'Release'
OS: 'Windows 10 Pro; OS build 19042.1237; Version 2009; 64bit' Language: 'pt' Physical Memory: 8044 MB
BatchMode: 1, IsHumanControllingUs: 0, StartBugReporterOnCrash: 0, Is64bit: 1, IsPro: 0

 COMMAND LINE ARGUMENTS:
C:\Program Files\Unity\Hub\Editor\2020.3.11f1\Editor\Unity.exe
-adb2
-batchMode
-noUpm
-name
AssetImportWorker0
-projectPath
C:/Users/klait/DOOM
-logFile
Logs/AssetImportWorker0.log
-srvPort
55520
Successfully changed project path to: C:/Users/klait/DOOM
C:/Users/klait/DOOM
Using Asset Import Pipeline V2.
Refreshing native plugins compatible for Editor in 43.97 ms, found 2 plugins.
Preloading 0 native plugins for Editor in 0.00 ms.
Initialize engine version: 2020.3.11f1 (99c7afb366b3)
[Subsystems] Discovering subsystems at path C:/Program Files/Unity/Hub/Editor/2020.3.11f1/Editor/Data/Resources/UnitySubsystems
[Subsystems] Discovering subsystems at path C:/Users/klait/DOOM/Assets
GfxDevice: creating device client; threaded=0
Direct3D:
    Version:  Direct3D 11.0 [level 11.1]
    Renderer: Intel(R) HD Graphics 620 (ID=0x5916)
    Vendor:   
    VRAM:     4022 MB
    Driver:   27.20.100.9466
Initialize mono
Mono path[0] = 'C:/Program Files/Unity/Hub/Editor/2020.3.11f1/Editor/Data/Managed'
Mono path[1] = 'C:/Program Files/Unity/Hub/Editor/2020.3.11f1/Editor/Data/MonoBleedingEdge/lib/mono/unityjit'
Mono config path = 'C:/Program Files/Unity/Hub/Editor/2020.3.11f1/Editor/Data/MonoBleedingEdge/etc'
Using monoOptions --debugger-agent=transport=dt_socket,embedding=1,server=y,suspend=n,address=127.0.0.1:56604
Begin MonoManager ReloadAssembly
Registering precompiled unity dll's ...
Register platform support module: C:/Program Files/Unity/Hub/Editor/2020.3.11f1/Editor/Data/PlaybackEngines/WebGLSupport/UnityEditor.WebGL.Extensions.dll
Register platform support module: C:/Program Files/Unity/Hub/Editor/2020.3.11f1/Editor/Data/PlaybackEngines/WindowsStandaloneSupport/UnityEditor.WindowsStandalone.Extensions.dll
Registered in 0.002967 seconds.
Native extension for WindowsStandalone target not found
Native extension for WebGL target not found
Refreshing native plugins compatible for Editor in 32.09 ms, found 2 plugins.
Preloading 0 native plugins for Editor in 0.00 ms.
Mono: successfully reloaded assembly
- Completed reload, in  1.460 seconds
Platform modules already initialized, skipping
Registering precompiled user dll's ...
Registered in 0.004899 seconds.
Begin MonoManager ReloadAssembly
Native extension for WindowsStandalone target not found
Native extension for WebGL target not found
Refreshing native plugins compatible for Editor in 0.38 ms, found 2 plugins.
Preloading 0 native plugins for Editor in 0.00 ms.
Mono: successfully reloaded assembly
- Completed reload, in  1.239 seconds
Platform modules already initialized, skipping
========================================================================
Worker process is ready to serve import requests
Launched and connected shader compiler UnityShaderCompiler.exe after 0.09 seconds
Refreshing native plugins compatible for Editor in 0.32 ms, found 2 plugins.
Preloading 0 native plugins for Editor in 0.00 ms.
Unloading 1389 Unused Serialized files (Serialized files now loaded: 0)
System memory in use before: 64.9 MB.
System memory in use after: 65.0 MB.

Unloading 19 unused Assets to reduce memory usage. Loaded Objects now: 1823.
Total: 2.521400 ms (FindLiveObjects: 0.270600 ms CreateObjectMapping: 0.061400 ms MarkObjects: 2.090600 ms  DeleteObjects: 0.096800 ms)

========================================================================
Received Import Request.
  path: Assets/Scenes
  artifactKey: Guid(fc3164af2bc104545a7ab662536e2434) Importer(815301076,1909f56bfc062723c751e8b465ee728b)
Start importing Assets/Scenes using Guid(fc3164af2bc104545a7ab662536e2434) Importer(815301076,1909f56bfc062723c751e8b465ee728b)  -> (artifact id: '5038ab2d5df17ce4c43f6e44e788967c') in 0.101889 seconds
  Import took 0.130242 seconds .

========================================================================
Received Import Request.
  Time since last request: 0.000388 seconds.
  path: Assets/Scenes/Level1
  artifactKey: Guid(b3c299dd3e1130947a44fb48ea3c948a) Importer(815301076,1909f56bfc062723c751e8b465ee728b)
Start importing Assets/Scenes/Level1 using Guid(b3c299dd3e1130947a44fb48ea3c948a) Importer(815301076,1909f56bfc062723c751e8b465ee728b)  -> (artifact id: '0c2a999ffb6fe9de189f93f3fd480585') in 0.032944 seconds
  Import took 0.053339 seconds .

========================================================================
Received Import Request.
  Time since last request: 0.000381 seconds.
  path: Assets/Scenes/Level1.unity
  artifactKey: Guid(9fc0d4010bbf28b4594072e72b8655ab) Importer(815301076,1909f56bfc062723c751e8b465ee728b)
Start importing Assets/Scenes/Level1.unity using Guid(9fc0d4010bbf28b4594072e72b8655ab) Importer(815301076,1909f56bfc062723c751e8b465ee728b)  -> (artifact id: 'ce517c6eb3732376336dafd0d80a75d8') in 0.065297 seconds
  Import took 0.092070 seconds .

========================================================================
Received Import Request.
  Time since last request: 463.114220 seconds.
  path: ProjectSettings/TagManager.asset
  artifactKey: Guid(00000000000000003000000000000000) Importer(815301076,1909f56bfc062723c751e8b465ee728b)
Start importing ProjectSettings/TagManager.asset using Guid(00000000000000003000000000000000) Importer(815301076,1909f56bfc062723c751e8b465ee728b)  -> (artifact id: '75981c769dd86d1cd039e7e4ff830f41') in 0.206051 seconds
  Import took 0.231067 seconds .

========================================================================
Received Prepare
Registering precompiled user dll's ...
Registered in 0.004905 seconds.
Begin MonoManager ReloadAssembly
Native extension for WindowsStandalone target not found
Native extension for WebGL target not found
Refreshing native plugins compatible for Editor in 0.39 ms, found 2 plugins.
Preloading 0 native plugins for Editor in 0.00 ms.
Mono: successfully reloaded assembly
- Completed reload, in  1.160 seconds
Platform modules already initialized, skipping
Refreshing native plugins compatible for Editor in 0.35 ms, found 2 plugins.
Preloading 0 native plugins for Editor in 0.00 ms.
Unloading 1384 Unused Serialized files (Serialized files now loaded: 0)
System memory in use before: 64.9 MB.
System memory in use after: 64.9 MB.

Unloading 15 unused Assets to reduce memory usage. Loaded Objects now: 1826.
Total: 2.442800 ms (FindLiveObjects: 0.188300 ms CreateObjectMapping: 0.049900 ms MarkObjects: 2.129100 ms  DeleteObjects: 0.073600 ms)

========================================================================
Received Import Request.
  Time since last request: 129.245734 seconds.
  path: Assets/MoveWapon.cs
  artifactKey: Guid(5f88e36bec5b8a340b0de4fa1d329cb0) Importer(815301076,1909f56bfc062723c751e8b465ee728b)
Start importing Assets/MoveWapon.cs using Guid(5f88e36bec5b8a340b0de4fa1d329cb0) Importer(815301076,1909f56bfc062723c751e8b465ee728b)  -> (artifact id: '742c7a689f0dde8cb66f2a47d08aca1e') in 0.022062 seconds
  Import took 0.081664 seconds .

========================================================================
Received Import Request.
  Time since last request: 1.325821 seconds.
  path: Assets/moveDoor.cs
  artifactKey: Guid(05c2311e90d0a2d4296b304000992927) Importer(815301076,1909f56bfc062723c751e8b465ee728b)
Start importing Assets/moveDoor.cs using Guid(05c2311e90d0a2d4296b304000992927) Importer(815301076,1909f56bfc062723c751e8b465ee728b)  -> (artifact id: '2b7c8c35ca99eef6fce5bba75d9bcc3e') in 0.016503 seconds
  Import took 0.048604 seconds .

========================================================================
Received Prepare
Registering precompiled user dll's ...
Registered in 0.004598 seconds.
Begin MonoManager ReloadAssembly
Native extension for WindowsStandalone target not found
Native extension for WebGL target not found
Refreshing native plugins compatible for Editor in 0.36 ms, found 2 plugins.
Preloading 0 native plugins for Editor in 0.00 ms.
Mono: successfully reloaded assembly
- Completed reload, in  1.438 seconds
Platform modules already initialized, skipping
Refreshing native plugins compatible for Editor in 0.34 ms, found 2 plugins.
Preloading 0 native plugins for Editor in 0.00 ms.
Unloading 1385 Unused Serialized files (Serialized files now loaded: 0)
System memory in use before: 64.9 MB.
System memory in use after: 65.0 MB.

Unloading 14 unused Assets to reduce memory usage. Loaded Objects now: 1830.
Total: 2.367600 ms (FindLiveObjects: 0.173300 ms CreateObjectMapping: 0.046200 ms MarkObjects: 2.083800 ms  DeleteObjects: 0.062300 ms)

========================================================================
Received Prepare
Registering precompiled user dll's ...
Registered in 0.004992 seconds.
Begin MonoManager ReloadAssembly
Native extension for WindowsStandalone target not found
Native extension for WebGL target not found
Refreshing native plugins compatible for Editor in 0.35 ms, found 2 plugins.
Preloading 0 native plugins for Editor in 0.00 ms.
Mono: successfully reloaded assembly
- Completed reload, in  1.336 seconds
Platform modules already initialized, skipping
Refreshing native plugins compatible for Editor in 0.64 ms, found 2 plugins.
Preloading 0 native plugins for Editor in 0.00 ms.
Unloading 1385 Unused Serialized files (Serialized files now loaded: 0)
System memory in use before: 64.9 MB.
System memory in use after: 65.0 MB.

Unloading 14 unused Assets to reduce memory usage. Loaded Objects now: 1833.
Total: 2.683300 ms (FindLiveObjects: 0.270000 ms CreateObjectMapping: 0.065600 ms MarkObjects: 2.246100 ms  DeleteObjects: 0.099000 ms)

========================================================================
Received Import Request.
  Time since last request: 193.507415 seconds.
  path: Assets/moveDoor.cs
  artifactKey: Guid(05c2311e90d0a2d4296b304000992927) Importer(815301076,1909f56bfc062723c751e8b465ee728b)
Start importing Assets/moveDoor.cs using Guid(05c2311e90d0a2d4296b304000992927) Importer(815301076,1909f56bfc062723c751e8b465ee728b)  -> (artifact id: '1ea37b13197daa64a2533e0aa99d6c1c') in 0.006906 seconds
  Import took 0.052443 seconds .

========================================================================
Received Import Request.
  Time since last request: 0.000362 seconds.
  path: Assets/playerMove.cs
  artifactKey: Guid(16fb002983c33734ab65be49f4d59fd6) Importer(815301076,1909f56bfc062723c751e8b465ee728b)
Start importing Assets/playerMove.cs using Guid(16fb002983c33734ab65be49f4d59fd6) Importer(815301076,1909f56bfc062723c751e8b465ee728b)  -> (artifact id: 'a573cc7a672a5714b32438d6862a6a6a') in 0.015675 seconds
  Import took 0.023757 seconds .

========================================================================
Received Import Request.
  Time since last request: 186.075637 seconds.
  path: Assets/playerMove.cs
  artifactKey: Guid(16fb002983c33734ab65be49f4d59fd6) Importer(815301076,1909f56bfc062723c751e8b465ee728b)
Start importing Assets/playerMove.cs using Guid(16fb002983c33734ab65be49f4d59fd6) Importer(815301076,1909f56bfc062723c751e8b465ee728b)  -> (artifact id: 'f3977eb8ae78d5027a37e03e46d91ed1') in 0.007209 seconds
  Import took 0.040603 seconds .

========================================================================
Received Prepare
Registering precompiled user dll's ...
Registered in 0.007085 seconds.
Begin MonoManager ReloadAssembly
Native extension for WindowsStandalone target not found
Native extension for WebGL target not found
Refreshing native plugins compatible for Editor in 0.34 ms, found 2 plugins.
Preloading 0 native plugins for Editor in 0.00 ms.
Mono: successfully reloaded assembly
- Completed reload, in  1.255 seconds
Platform modules already initialized, skipping
Refreshing native plugins compatible for Editor in 0.79 ms, found 2 plugins.
Preloading 0 native plugins for Editor in 0.00 ms.
Unloading 1385 Unused Serialized files (Serialized files now loaded: 0)
System memory in use before: 64.9 MB.
System memory in use after: 65.0 MB.

Unloading 14 unused Assets to reduce memory usage. Loaded Objects now: 1836.
Total: 2.289000 ms (FindLiveObjects: 0.184400 ms CreateObjectMapping: 0.056500 ms MarkObjects: 1.964200 ms  DeleteObjects: 0.082000 ms)

========================================================================
Received Import Request.
  Time since last request: 97.090625 seconds.
  path: Assets/playerMove.cs
  artifactKey: Guid(16fb002983c33734ab65be49f4d59fd6) Importer(815301076,1909f56bfc062723c751e8b465ee728b)
Start importing Assets/playerMove.cs using Guid(16fb002983c33734ab65be49f4d59fd6) Importer(815301076,1909f56bfc062723c751e8b465ee728b)  -> (artifact id: '187c7896aa97f462d5eed7a71cdc067e') in 0.006083 seconds
  Import took 0.047047 seconds .

========================================================================
Received Prepare
Registering precompiled user dll's ...
Registered in 0.004642 seconds.
Begin MonoManager ReloadAssembly
Native extension for WindowsStandalone target not found
Native extension for WebGL target not found
Refreshing native plugins compatible for Editor in 0.36 ms, found 2 plugins.
Preloading 0 native plugins for Editor in 0.00 ms.
Mono: successfully reloaded assembly
- Completed reload, in  1.266 seconds
Platform modules already initialized, skipping
Refreshing native plugins compatible for Editor in 0.38 ms, found 2 plugins.
Preloading 0 native plugins for Editor in 0.00 ms.
Unloading 1385 Unused Serialized files (Serialized files now loaded: 0)
System memory in use before: 65.0 MB.
System memory in use after: 65.0 MB.

Unloading 14 unused Assets to reduce memory usage. Loaded Objects now: 1839.
Total: 2.189100 ms (FindLiveObjects: 0.181600 ms CreateObjectMapping: 0.054300 ms MarkObjects: 1.876600 ms  DeleteObjects: 0.074700 ms)

========================================================================
Received Import Request.
  Time since last request: 175.549673 seconds.
  path: Assets/New Lighting Settings.lighting
  artifactKey: Guid(003c95c859154da4d98c117d94ac4bfa) Importer(815301076,1909f56bfc062723c751e8b465ee728b)
Start importing Assets/New Lighting Settings.lighting using Guid(003c95c859154da4d98c117d94ac4bfa) Importer(815301076,1909f56bfc062723c751e8b465ee728b)  -> (artifact id: '77aea127dfa822a9379b9180cedc200c') in 0.074174 seconds
  Import took 0.098745 seconds .

========================================================================
Received Prepare
Registering precompiled user dll's ...
Registered in 0.005543 seconds.
Begin MonoManager ReloadAssembly
Native extension for WindowsStandalone target not found
Native extension for WebGL target not found
Refreshing native plugins compatible for Editor in 0.43 ms, found 2 plugins.
Preloading 0 native plugins for Editor in 0.00 ms.
Mono: successfully reloaded assembly
- Completed reload, in  1.186 seconds
Platform modules already initialized, skipping
Refreshing native plugins compatible for Editor in 0.34 ms, found 2 plugins.
Preloading 0 native plugins for Editor in 0.00 ms.
Unloading 1385 Unused Serialized files (Serialized files now loaded: 0)
System memory in use before: 65.0 MB.
System memory in use after: 65.0 MB.

Unloading 14 unused Assets to reduce memory usage. Loaded Objects now: 1842.
Total: 2.678200 ms (FindLiveObjects: 0.202700 ms CreateObjectMapping: 0.067600 ms MarkObjects: 2.332700 ms  DeleteObjects: 0.073700 ms)

========================================================================
Received Import Request.
  Time since last request: 178.306653 seconds.
  path: Assets/shootRifle.wav
  artifactKey: Guid(a9bd5947d91840f4b8875be0797b0417) Importer(815301076,1909f56bfc062723c751e8b465ee728b)
Start importing Assets/shootRifle.wav using Guid(a9bd5947d91840f4b8875be0797b0417) Importer(815301076,1909f56bfc062723c751e8b465ee728b)  -> (artifact id: '4e840b0d58031cbf4f347a011729657e') in 0.216265 seconds
  Import took 0.232929 seconds .

========================================================================
Received Prepare
Registering precompiled user dll's ...
Registered in 0.009865 seconds.
Begin MonoManager ReloadAssembly
Native extension for WindowsStandalone target not found
Native extension for WebGL target not found
Refreshing native plugins compatible for Editor in 0.37 ms, found 2 plugins.
Preloading 0 native plugins for Editor in 0.00 ms.
Mono: successfully reloaded assembly
- Completed reload, in  1.336 seconds
Platform modules already initialized, skipping
Refreshing native plugins compatible for Editor in 0.33 ms, found 2 plugins.
Preloading 0 native plugins for Editor in 0.00 ms.
Unloading 1385 Unused Serialized files (Serialized files now loaded: 0)
System memory in use before: 68.1 MB.
System memory in use after: 68.2 MB.

Unloading 14 unused Assets to reduce memory usage. Loaded Objects now: 1854.
Total: 3.793800 ms (FindLiveObjects: 0.183900 ms CreateObjectMapping: 0.058600 ms MarkObjects: 3.444500 ms  DeleteObjects: 0.104900 ms)

========================================================================
Received Import Request.
  Time since last request: 98.253310 seconds.
  path: Assets/MoveWapon.cs
  artifactKey: Guid(5f88e36bec5b8a340b0de4fa1d329cb0) Importer(815301076,1909f56bfc062723c751e8b465ee728b)
Start importing Assets/MoveWapon.cs using Guid(5f88e36bec5b8a340b0de4fa1d329cb0) Importer(815301076,1909f56bfc062723c751e8b465ee728b)  -> (artifact id: '18b9792018c4449b79f57095dd7621f6') in 0.005263 seconds
  Import took 0.008262 seconds .

========================================================================
Received Prepare
Registering precompiled user dll's ...
Registered in 0.007989 seconds.
Begin MonoManager ReloadAssembly
Native extension for WindowsStandalone target not found
Native extension for WebGL target not found
Refreshing native plugins compatible for Editor in 0.34 ms, found 2 plugins.
Preloading 0 native plugins for Editor in 0.00 ms.
Mono: successfully reloaded assembly
- Completed reload, in  1.326 seconds
Platform modules already initialized, skipping
Refreshing native plugins compatible for Editor in 0.41 ms, found 2 plugins.
Preloading 0 native plugins for Editor in 0.00 ms.
Unloading 1385 Unused Serialized files (Serialized files now loaded: 0)
System memory in use before: 68.1 MB.
System memory in use after: 68.2 MB.

Unloading 14 unused Assets to reduce memory usage. Loaded Objects now: 1857.
Total: 2.277200 ms (FindLiveObjects: 0.181600 ms CreateObjectMapping: 0.056200 ms MarkObjects: 1.973000 ms  DeleteObjects: 0.064600 ms)

========================================================================
Received Import Request.
  Time since last request: 39.940985 seconds.
  path: Assets/MoveWapon.cs
  artifactKey: Guid(5f88e36bec5b8a340b0de4fa1d329cb0) Importer(815301076,1909f56bfc062723c751e8b465ee728b)
Start importing Assets/MoveWapon.cs using Guid(5f88e36bec5b8a340b0de4fa1d329cb0) Importer(815301076,1909f56bfc062723c751e8b465ee728b)  -> (artifact id: '730e4ef9471c763bad994095aa4de1f8') in 0.005408 seconds
  Import took 0.053953 seconds .

========================================================================
Received Prepare
Registering precompiled user dll's ...
Registered in 0.004783 seconds.
Begin MonoManager ReloadAssembly
Native extension for WindowsStandalone target not found
Native extension for WebGL target not found
Refreshing native plugins compatible for Editor in 0.34 ms, found 2 plugins.
Preloading 0 native plugins for Editor in 0.00 ms.
Mono: successfully reloaded assembly
- Completed reload, in  1.083 seconds
Platform modules already initialized, skipping
Refreshing native plugins compatible for Editor in 0.47 ms, found 2 plugins.
Preloading 0 native plugins for Editor in 0.00 ms.
Unloading 1385 Unused Serialized files (Serialized files now loaded: 0)
System memory in use before: 68.1 MB.
System memory in use after: 68.2 MB.

Unloading 14 unused Assets to reduce memory usage. Loaded Objects now: 1860.
Total: 2.378000 ms (FindLiveObjects: 0.172500 ms CreateObjectMapping: 0.044400 ms MarkObjects: 2.091000 ms  DeleteObjects: 0.068700 ms)

AssetImportWorkerClient::OnTransportError - code=2 error=End of file
